Generated at 2017-01-18 11:53:05 +0530
SystemExit: exit
/opt/chef/embedded/lib/ruby/gems/2.1.0/gems/chef-12.12.15/lib/chef/application.rb:352:in `exit'
/opt/chef/embedded/lib/ruby/gems/2.1.0/gems/chef-12.12.15/lib/chef/application.rb:352:in `fatal!'
/opt/chef/embedded/lib/ruby/gems/2.1.0/gems/chef-12.12.15/lib/chef/application.rb:64:in `block in setup_signal_handlers'
/opt/chef/embedded/lib/ruby/gems/2.1.0/gems/ohai-8.17.1/lib/ohai/plugins/passwd.rb:26:in `call'
/opt/chef/embedded/lib/ruby/gems/2.1.0/gems/ohai-8.17.1/lib/ohai/plugins/passwd.rb:26:in `group'
/opt/chef/embedded/lib/ruby/gems/2.1.0/gems/ohai-8.17.1/lib/ohai/plugins/passwd.rb:26:in `block (2 levels) in <main>'
/opt/chef/embedded/lib/ruby/gems/2.1.0/gems/ohai-8.17.1/lib/ohai/dsl/plugin/versionvii.rb:90:in `instance_eval'
/opt/chef/embedded/lib/ruby/gems/2.1.0/gems/ohai-8.17.1/lib/ohai/dsl/plugin/versionvii.rb:90:in `run_plugin'
/opt/chef/embedded/lib/ruby/gems/2.1.0/gems/ohai-8.17.1/lib/ohai/dsl/plugin.rb:98:in `run'
/opt/chef/embedded/lib/ruby/gems/2.1.0/gems/ohai-8.17.1/lib/ohai/dsl/plugin.rb:171:in `safe_run'
/opt/chef/embedded/lib/ruby/gems/2.1.0/gems/ohai-8.17.1/lib/ohai/runner.rb:84:in `run_v7_plugin'
/opt/chef/embedded/lib/ruby/gems/2.1.0/gems/ohai-8.17.1/lib/ohai/runner.rb:43:in `run_plugin'
/opt/chef/embedded/lib/ruby/gems/2.1.0/gems/ohai-8.17.1/lib/ohai/system.rb:98:in `block in run_plugins'
/opt/chef/embedded/lib/ruby/gems/2.1.0/gems/ohai-8.17.1/lib/ohai/system.rb:97:in `each'
/opt/chef/embedded/lib/ruby/gems/2.1.0/gems/ohai-8.17.1/lib/ohai/system.rb:97:in `run_plugins'
/opt/chef/embedded/lib/ruby/gems/2.1.0/gems/ohai-8.17.1/lib/ohai/system.rb:75:in `all_plugins'
/opt/chef/embedded/lib/ruby/gems/2.1.0/gems/chef-12.12.15/lib/chef/client.rb:560:in `run_ohai'
/opt/chef/embedded/lib/ruby/gems/2.1.0/gems/chef-12.12.15/lib/chef/client.rb:264:in `run'
/opt/chef/embedded/lib/ruby/gems/2.1.0/gems/chef-12.12.15/lib/chef/application.rb:286:in `block in fork_chef_client'
/opt/chef/embedded/lib/ruby/gems/2.1.0/gems/chef-12.12.15/lib/chef/application.rb:274:in `fork'
/opt/chef/embedded/lib/ruby/gems/2.1.0/gems/chef-12.12.15/lib/chef/application.rb:274:in `fork_chef_client'
/opt/chef/embedded/lib/ruby/gems/2.1.0/gems/chef-12.12.15/lib/chef/application.rb:239:in `block in run_chef_client'
/opt/chef/embedded/lib/ruby/gems/2.1.0/gems/chef-12.12.15/lib/chef/local_mode.rb:44:in `with_server_connectivity'
/opt/chef/embedded/lib/ruby/gems/2.1.0/gems/chef-12.12.15/lib/chef/application.rb:227:in `run_chef_client'
/opt/chef/embedded/lib/ruby/gems/2.1.0/gems/chef-12.12.15/lib/chef/application/client.rb:456:in `sleep_then_run_chef_client'
/opt/chef/embedded/lib/ruby/gems/2.1.0/gems/chef-12.12.15/lib/chef/application/client.rb:443:in `block in interval_run_chef_client'
/opt/chef/embedded/lib/ruby/gems/2.1.0/gems/chef-12.12.15/lib/chef/application/client.rb:442:in `loop'
/opt/chef/embedded/lib/ruby/gems/2.1.0/gems/chef-12.12.15/lib/chef/application/client.rb:442:in `interval_run_chef_client'
/opt/chef/embedded/lib/ruby/gems/2.1.0/gems/chef-12.12.15/lib/chef/application/client.rb:426:in `run_application'
/opt/chef/embedded/lib/ruby/gems/2.1.0/gems/chef-12.12.15/lib/chef/application.rb:59:in `run'
/opt/chef/embedded/lib/ruby/gems/2.1.0/gems/chef-12.12.15/bin/chef-client:26:in `<top (required)>'
/usr/local/bin/chef-client:52:in `load'
/usr/local/bin/chef-client:52:in `<main>'